2024-05-23T18:50:51.878Z [error]: Database connection error: connect ECONNREFUSED ::1:5432
2024-05-23T18:50:51.883Z [error]: Pool: {
  "_events": {},
  "_eventsCount": 0,
  "options": {
    "max": 10,
    "maxUses": null,
    "allowExitOnIdle": false,
    "maxLifetimeSeconds": 0,
    "idleTimeoutMillis": 10000
  },
  "_clients": [],
  "_idle": [],
  "_expired": {},
  "_pendingQueue": [],
  "ending": false,
  "ended": false
}
2024-05-23T18:58:16.426Z [info]: Creating a new database pool with config: {"_events":{},"_eventsCount":0,"options":{"max":10,"maxUses":null,"allowExitOnIdle":false,"maxLifetimeSeconds":0,"idleTimeoutMillis":10000},"_clients":[],"_idle":[],"_expired":{},"_pendingQueue":[],"ending":false,"ended":false}
2024-05-23T18:58:16.449Z [error]: Database connection error: connect ECONNREFUSED ::1:5432
2024-05-23T18:58:16.449Z [error]: Pool: {
  "_events": {},
  "_eventsCount": 0,
  "options": {
    "max": 10,
    "maxUses": null,
    "allowExitOnIdle": false,
    "maxLifetimeSeconds": 0,
    "idleTimeoutMillis": 10000
  },
  "_clients": [],
  "_idle": [],
  "_expired": {},
  "_pendingQueue": [],
  "ending": false,
  "ended": false
}
2024-05-23T19:00:41.240Z [info]: Creating a new database pool with config: {"_events":{},"_eventsCount":0,"options":{"max":10,"maxUses":null,"allowExitOnIdle":false,"maxLifetimeSeconds":0,"idleTimeoutMillis":10000},"_clients":[],"_idle":[],"_expired":{},"_pendingQueue":[],"ending":false,"ended":false}
2024-05-23T19:00:41.267Z [error]: Database connection error: connect ECONNREFUSED ::1:5432
2024-05-23T19:00:41.269Z [error]: Pool: {
  "_events": {},
  "_eventsCount": 0,
  "options": {
    "_events": {},
    "_eventsCount": 0,
    "options": {
      "max": 10,
      "maxUses": null,
      "allowExitOnIdle": false,
      "maxLifetimeSeconds": 0,
      "idleTimeoutMillis": 10000
    },
    "_clients": [],
    "_idle": [],
    "_expired": {},
    "_pendingQueue": [],
    "ending": false,
    "ended": false,
    "max": 10,
    "maxUses": null,
    "allowExitOnIdle": false,
    "maxLifetimeSeconds": 0,
    "idleTimeoutMillis": 10000
  },
  "_clients": [],
  "_idle": [],
  "_expired": {},
  "_pendingQueue": [],
  "ending": false,
  "ended": false
}
2024-05-23T19:04:35.318Z [info]: Creating a new database pool with config: undefined{"_events":{},"_eventsCount":0,"options":{"max":10,"maxUses":null,"allowExitOnIdle":false,"maxLifetimeSeconds":0,"idleTimeoutMillis":10000},"_clients":[],"_idle":[],"_expired":{},"_pendingQueue":[],"ending":false,"ended":false}
2024-05-23T19:04:35.341Z [error]: Database connection error: connect ECONNREFUSED ::1:5432
2024-05-23T19:04:35.342Z [error]: Pool: {
  "_events": {},
  "_eventsCount": 0,
  "options": {
    "_events": {},
    "_eventsCount": 0,
    "options": {
      "max": 10,
      "maxUses": null,
      "allowExitOnIdle": false,
      "maxLifetimeSeconds": 0,
      "idleTimeoutMillis": 10000
    },
    "_clients": [],
    "_idle": [],
    "_expired": {},
    "_pendingQueue": [],
    "ending": false,
    "ended": false,
    "max": 10,
    "maxUses": null,
    "allowExitOnIdle": false,
    "maxLifetimeSeconds": 0,
    "idleTimeoutMillis": 10000
  },
  "_clients": [],
  "_idle": [],
  "_expired": {},
  "_pendingQueue": [],
  "ending": false,
  "ended": false
}
2024-05-23T19:05:06.691Z [info]: Creating a new database pool with config: undefined{"_events":{},"_eventsCount":0,"options":{"max":10,"maxUses":null,"allowExitOnIdle":false,"maxLifetimeSeconds":0,"idleTimeoutMillis":10000},"_clients":[],"_idle":[],"_expired":{},"_pendingQueue":[],"ending":false,"ended":false}
2024-05-23T19:05:06.715Z [error]: Database connection error: connect ECONNREFUSED ::1:5432
2024-05-23T19:05:06.716Z [error]: Pool: {
  "_events": {},
  "_eventsCount": 0,
  "options": {
    "_events": {},
    "_eventsCount": 0,
    "options": {
      "max": 10,
      "maxUses": null,
      "allowExitOnIdle": false,
      "maxLifetimeSeconds": 0,
      "idleTimeoutMillis": 10000
    },
    "_clients": [],
    "_idle": [],
    "_expired": {},
    "_pendingQueue": [],
    "ending": false,
    "ended": false,
    "max": 10,
    "maxUses": null,
    "allowExitOnIdle": false,
    "maxLifetimeSeconds": 0,
    "idleTimeoutMillis": 10000
  },
  "_clients": [],
  "_idle": [],
  "_expired": {},
  "_pendingQueue": [],
  "ending": false,
  "ended": false
}
2024-05-23T19:05:49.364Z [info]: Creating a new database pool with config: undefined{"_events":{},"_eventsCount":0,"options":{"max":10,"maxUses":null,"allowExitOnIdle":false,"maxLifetimeSeconds":0,"idleTimeoutMillis":10000},"_clients":[],"_idle":[],"_expired":{},"_pendingQueue":[],"ending":false,"ended":false}
2024-05-23T19:05:49.387Z [error]: Database connection error: connect ECONNREFUSED ::1:5432
2024-05-23T19:05:49.389Z [error]: Pool: {
  "_events": {},
  "_eventsCount": 0,
  "options": {
    "_events": {},
    "_eventsCount": 0,
    "options": {
      "max": 10,
      "maxUses": null,
      "allowExitOnIdle": false,
      "maxLifetimeSeconds": 0,
      "idleTimeoutMillis": 10000
    },
    "_clients": [],
    "_idle": [],
    "_expired": {},
    "_pendingQueue": [],
    "ending": false,
    "ended": false,
    "max": 10,
    "maxUses": null,
    "allowExitOnIdle": false,
    "maxLifetimeSeconds": 0,
    "idleTimeoutMillis": 10000
  },
  "_clients": [],
  "_idle": [],
  "_expired": {},
  "_pendingQueue": [],
  "ending": false,
  "ended": false
}
2024-05-23T19:06:22.197Z [info]: Creating a new database pool with config: undefined{"_events":{},"_eventsCount":0,"options":{"host":"shshyyh","max":10,"maxUses":null,"allowExitOnIdle":false,"maxLifetimeSeconds":0,"idleTimeoutMillis":10000},"_clients":[],"_idle":[],"_expired":{},"_pendingQueue":[],"ending":false,"ended":false}
2024-05-23T19:06:22.221Z [error]: Database connection error: connect ECONNREFUSED ::1:5432
2024-05-23T19:06:22.222Z [error]: Pool: {
  "_events": {},
  "_eventsCount": 0,
  "options": {
    "_events": {},
    "_eventsCount": 0,
    "options": {
      "host": "shshyyh",
      "max": 10,
      "maxUses": null,
      "allowExitOnIdle": false,
      "maxLifetimeSeconds": 0,
      "idleTimeoutMillis": 10000
    },
    "_clients": [],
    "_idle": [],
    "_expired": {},
    "_pendingQueue": [],
    "ending": false,
    "ended": false,
    "max": 10,
    "maxUses": null,
    "allowExitOnIdle": false,
    "maxLifetimeSeconds": 0,
    "idleTimeoutMillis": 10000
  },
  "_clients": [],
  "_idle": [],
  "_expired": {},
  "_pendingQueue": [],
  "ending": false,
  "ended": false
}
2024-05-23T19:06:45.803Z [info]: Creating a new database pool with config: undefined{"_events":{},"_eventsCount":0,"options":{"host":"shshyyh","max":10,"maxUses":null,"allowExitOnIdle":false,"maxLifetimeSeconds":0,"idleTimeoutMillis":10000},"_clients":[],"_idle":[],"_expired":{},"_pendingQueue":[],"ending":false,"ended":false}
2024-05-23T19:06:45.830Z [error]: Database connection error: connect ECONNREFUSED ::1:5432
2024-05-23T19:06:45.831Z [error]: Pool: {
  "_events": {},
  "_eventsCount": 0,
  "options": {
    "_events": {},
    "_eventsCount": 0,
    "options": {
      "host": "shshyyh",
      "max": 10,
      "maxUses": null,
      "allowExitOnIdle": false,
      "maxLifetimeSeconds": 0,
      "idleTimeoutMillis": 10000
    },
    "_clients": [],
    "_idle": [],
    "_expired": {},
    "_pendingQueue": [],
    "ending": false,
    "ended": false,
    "max": 10,
    "maxUses": null,
    "allowExitOnIdle": false,
    "maxLifetimeSeconds": 0,
    "idleTimeoutMillis": 10000
  },
  "_clients": [],
  "_idle": [],
  "_expired": {},
  "_pendingQueue": [],
  "ending": false,
  "ended": false
}
2024-05-23T19:09:33.787Z [info]: Creating a new database pool with config: {"_events":{},"_eventsCount":0,"options":{"host":"shshyyh","max":10,"maxUses":null,"allowExitOnIdle":false,"maxLifetimeSeconds":0,"idleTimeoutMillis":10000},"_clients":[],"_idle":[],"_expired":{},"_pendingQueue":[],"ending":false,"ended":false}
2024-05-23T19:09:33.810Z [error]: Database connection error: connect ECONNREFUSED ::1:5432
2024-05-23T19:09:33.811Z [error]: Pool: {
  "_events": {},
  "_eventsCount": 0,
  "options": {
    "_events": {},
    "_eventsCount": 0,
    "options": {
      "host": "shshyyh",
      "max": 10,
      "maxUses": null,
      "allowExitOnIdle": false,
      "maxLifetimeSeconds": 0,
      "idleTimeoutMillis": 10000
    },
    "_clients": [],
    "_idle": [],
    "_expired": {},
    "_pendingQueue": [],
    "ending": false,
    "ended": false,
    "max": 10,
    "maxUses": null,
    "allowExitOnIdle": false,
    "maxLifetimeSeconds": 0,
    "idleTimeoutMillis": 10000
  },
  "_clients": [],
  "_idle": [],
  "_expired": {},
  "_pendingQueue": [],
  "ending": false,
  "ended": false
}
2024-05-23T19:10:23.540Z [info]: Creating a new database pool with config: {"_events":{},"_eventsCount":0,"options":{"host":"shshyyh","max":10,"maxUses":null,"allowExitOnIdle":false,"maxLifetimeSeconds":0,"idleTimeoutMillis":10000},"_clients":[],"_idle":[],"_expired":{},"_pendingQueue":[],"ending":false,"ended":false}
2024-05-23T19:10:23.565Z [error]: Database connection error: connect ECONNREFUSED ::1:5432
2024-05-23T19:10:23.567Z [error]: Pool: {
  "_events": {},
  "_eventsCount": 0,
  "options": {
    "_events": {},
    "_eventsCount": 0,
    "options": {
      "host": "shshyyh",
      "max": 10,
      "maxUses": null,
      "allowExitOnIdle": false,
      "maxLifetimeSeconds": 0,
      "idleTimeoutMillis": 10000
    },
    "_clients": [],
    "_idle": [],
    "_expired": {},
    "_pendingQueue": [],
    "ending": false,
    "ended": false,
    "max": 10,
    "maxUses": null,
    "allowExitOnIdle": false,
    "maxLifetimeSeconds": 0,
    "idleTimeoutMillis": 10000
  },
  "_clients": [],
  "_idle": [],
  "_expired": {},
  "_pendingQueue": [],
  "ending": false,
  "ended": false
}
2024-05-23T19:12:07.530Z [info]: Creating a new database pool with config: {"_events":{},"_eventsCount":0,"options":{"host":"shshyyh","max":10,"maxUses":null,"allowExitOnIdle":false,"maxLifetimeSeconds":0,"idleTimeoutMillis":10000},"_clients":[],"_idle":[],"_expired":{},"_pendingQueue":[],"ending":false,"ended":false}
2024-05-23T19:12:07.557Z [error]: Database connection error: connect ECONNREFUSED ::1:5432
2024-05-23T19:12:07.558Z [error]: Pool: {
  "_events": {},
  "_eventsCount": 0,
  "options": {
    "_events": {},
    "_eventsCount": 0,
    "options": {
      "host": "shshyyh",
      "max": 10,
      "maxUses": null,
      "allowExitOnIdle": false,
      "maxLifetimeSeconds": 0,
      "idleTimeoutMillis": 10000
    },
    "_clients": [],
    "_idle": [],
    "_expired": {},
    "_pendingQueue": [],
    "ending": false,
    "ended": false,
    "max": 10,
    "maxUses": null,
    "allowExitOnIdle": false,
    "maxLifetimeSeconds": 0,
    "idleTimeoutMillis": 10000
  },
  "_clients": [],
  "_idle": [],
  "_expired": {},
  "_pendingQueue": [],
  "ending": false,
  "ended": false
}
2024-05-23T19:12:40.377Z [info]: Creating a new database pool with config: {"_events":{},"_eventsCount":0,"options":{"host":"shshyyh","max":10,"maxUses":null,"allowExitOnIdle":false,"maxLifetimeSeconds":0,"idleTimeoutMillis":10000},"_clients":[],"_idle":[],"_expired":{},"_pendingQueue":[],"ending":false,"ended":false}
2024-05-23T19:12:40.404Z [error]: Database connection error: connect ECONNREFUSED ::1:5432
2024-05-23T19:12:40.405Z [error]: Pool: {
  "_events": {},
  "_eventsCount": 0,
  "options": {
    "_events": {},
    "_eventsCount": 0,
    "options": {
      "host": "shshyyh",
      "max": 10,
      "maxUses": null,
      "allowExitOnIdle": false,
      "maxLifetimeSeconds": 0,
      "idleTimeoutMillis": 10000
    },
    "_clients": [],
    "_idle": [],
    "_expired": {},
    "_pendingQueue": [],
    "ending": false,
    "ended": false,
    "max": 10,
    "maxUses": null,
    "allowExitOnIdle": false,
    "maxLifetimeSeconds": 0,
    "idleTimeoutMillis": 10000
  },
  "_clients": [],
  "_idle": [],
  "_expired": {},
  "_pendingQueue": [],
  "ending": false,
  "ended": false
}
2024-05-23T19:13:13.396Z [info]: Creating a new database pool with config: {"_events":{},"_eventsCount":0,"options":{"host":"shshyyh","user":"postgres","database":"postgres","port":"5431","max":10,"maxUses":null,"allowExitOnIdle":false,"maxLifetimeSeconds":0,"idleTimeoutMillis":10000},"_clients":[],"_idle":[],"_expired":{},"_pendingQueue":[],"ending":false,"ended":false}
2024-05-23T19:13:13.423Z [error]: Database connection error: connect ECONNREFUSED ::1:5432
2024-05-23T19:13:13.424Z [error]: Pool: {
  "_events": {},
  "_eventsCount": 0,
  "options": {
    "_events": {},
    "_eventsCount": 0,
    "options": {
      "host": "shshyyh",
      "user": "postgres",
      "database": "postgres",
      "port": "5431",
      "max": 10,
      "maxUses": null,
      "allowExitOnIdle": false,
      "maxLifetimeSeconds": 0,
      "idleTimeoutMillis": 10000
    },
    "_clients": [],
    "_idle": [],
    "_expired": {},
    "_pendingQueue": [],
    "ending": false,
    "ended": false,
    "max": 10,
    "maxUses": null,
    "allowExitOnIdle": false,
    "maxLifetimeSeconds": 0,
    "idleTimeoutMillis": 10000
  },
  "_clients": [],
  "_idle": [],
  "_expired": {},
  "_pendingQueue": [],
  "ending": false,
  "ended": false
}
2024-05-23T19:14:12.236Z [info]: Creating a new database pool with config: {"_events":{},"_eventsCount":0,"options":{"host":"localhost","user":"postgres","database":"postgres","port":"5431","max":10,"maxUses":null,"allowExitOnIdle":false,"maxLifetimeSeconds":0,"idleTimeoutMillis":10000},"_clients":[],"_idle":[],"_expired":{},"_pendingQueue":[],"ending":false,"ended":false}
2024-05-23T19:14:12.264Z [error]: Database connection error: connect ECONNREFUSED ::1:5432
2024-05-23T19:14:12.264Z [error]: Pool: {
  "_events": {},
  "_eventsCount": 0,
  "options": {
    "_events": {},
    "_eventsCount": 0,
    "options": {
      "host": "localhost",
      "user": "postgres",
      "database": "postgres",
      "port": "5431",
      "max": 10,
      "maxUses": null,
      "allowExitOnIdle": false,
      "maxLifetimeSeconds": 0,
      "idleTimeoutMillis": 10000
    },
    "_clients": [],
    "_idle": [],
    "_expired": {},
    "_pendingQueue": [],
    "ending": false,
    "ended": false,
    "max": 10,
    "maxUses": null,
    "allowExitOnIdle": false,
    "maxLifetimeSeconds": 0,
    "idleTimeoutMillis": 10000
  },
  "_clients": [],
  "_idle": [],
  "_expired": {},
  "_pendingQueue": [],
  "ending": false,
  "ended": false
}
2024-05-23T19:15:49.129Z [info]: Creating a new database pool with config: {"_events":{},"_eventsCount":0,"options":{"host":"localhost","user":"postgres","database":"postgres","port":"5431","max":10,"maxUses":null,"allowExitOnIdle":false,"maxLifetimeSeconds":0,"idleTimeoutMillis":10000},"_clients":[],"_idle":[],"_expired":{},"_pendingQueue":[],"ending":false,"ended":false}
2024-05-23T19:15:49.266Z [info]: Database connected successfully: [{"now":"2024-05-23T19:15:49.260Z"}]
2024-05-23T19:52:08.384Z [info]: Creating a new database pool with config: {"_events":{},"_eventsCount":0,"options":{"host":"localhost","user":"postgres","database":"postgres","port":"5431","max":10,"maxUses":null,"allowExitOnIdle":false,"maxLifetimeSeconds":0,"idleTimeoutMillis":10000},"_clients":[],"_idle":[],"_expired":{},"_pendingQueue":[],"ending":false,"ended":false}
2024-05-23T19:52:08.526Z [info]: Database connected successfully: {"command":"SELECT","rowCount":1,"oid":null,"rows":[{"now":"2024-05-23T19:52:08.524Z"}],"fields":[{"name":"now","tableID":0,"columnID":0,"dataTypeID":1184,"dataTypeSize":8,"dataTypeModifier":-1,"format":"text"}],"_parsers":[null],"_types":{"_types":{"arrayParser":{},"builtins":{"BOOL":16,"BYTEA":17,"CHAR":18,"INT8":20,"INT2":21,"INT4":23,"REGPROC":24,"TEXT":25,"OID":26,"TID":27,"XID":28,"CID":29,"JSON":114,"XML":142,"PG_NODE_TREE":194,"SMGR":210,"PATH":602,"POLYGON":604,"CIDR":650,"FLOAT4":700,"FLOAT8":701,"ABSTIME":702,"RELTIME":703,"TINTERVAL":704,"CIRCLE":718,"MACADDR8":774,"MONEY":790,"MACADDR":829,"INET":869,"ACLITEM":1033,"BPCHAR":1042,"VARCHAR":1043,"DATE":1082,"TIME":1083,"TIMESTAMP":1114,"TIMESTAMPTZ":1184,"INTERVAL":1186,"TIMETZ":1266,"BIT":1560,"VARBIT":1562,"NUMERIC":1700,"REFCURSOR":1790,"REGPROCEDURE":2202,"REGOPER":2203,"REGOPERATOR":2204,"REGCLASS":2205,"REGTYPE":2206,"UUID":2950,"TXID_SNAPSHOT":2970,"PG_LSN":3220,"PG_NDISTINCT":3361,"PG_DEPENDENCIES":3402,"TSVECTOR":3614,"TSQUERY":3615,"GTSVECTOR":3642,"REGCONFIG":3734,"REGDICTIONARY":3769,"JSONB":3802,"REGNAMESPACE":4089,"REGROLE":4096}},"text":{},"binary":{}},"RowCtor":null,"rowAsArray":false,"_prebuiltEmptyResultObject":{"now":null}}
2024-05-23T20:09:55.189Z [info]: Creating a new database pool with config: {"_events":{},"_eventsCount":0,"options":{"host":"localhost","user":"postgres","database":"postgres","port":"5431","max":10,"maxUses":null,"allowExitOnIdle":false,"maxLifetimeSeconds":0,"idleTimeoutMillis":10000},"_clients":[],"_idle":[],"_expired":{},"_pendingQueue":[],"ending":false,"ended":false}
2024-05-23T20:12:26.081Z [info]: Creating a new database pool with config: {"_events":{},"_eventsCount":0,"options":{"host":"localhost","user":"postgres","database":"postgres","port":"5431","max":10,"maxUses":null,"allowExitOnIdle":false,"maxLifetimeSeconds":0,"idleTimeoutMillis":10000},"_clients":[],"_idle":[],"_expired":{},"_pendingQueue":[],"ending":false,"ended":false}
2024-05-23T20:12:26.213Z [info]: Database connected successfully: {"command":"SELECT","rowCount":1,"oid":null,"rows":[{"name":"Markus","dampft":true}],"fields":[{"name":"name","tableID":16398,"columnID":1,"dataTypeID":1043,"dataTypeSize":-1,"dataTypeModifier":259,"format":"text"},{"name":"dampft","tableID":16398,"columnID":2,"dataTypeID":16,"dataTypeSize":1,"dataTypeModifier":-1,"format":"text"}],"_parsers":[null,null],"_types":{"_types":{"arrayParser":{},"builtins":{"BOOL":16,"BYTEA":17,"CHAR":18,"INT8":20,"INT2":21,"INT4":23,"REGPROC":24,"TEXT":25,"OID":26,"TID":27,"XID":28,"CID":29,"JSON":114,"XML":142,"PG_NODE_TREE":194,"SMGR":210,"PATH":602,"POLYGON":604,"CIDR":650,"FLOAT4":700,"FLOAT8":701,"ABSTIME":702,"RELTIME":703,"TINTERVAL":704,"CIRCLE":718,"MACADDR8":774,"MONEY":790,"MACADDR":829,"INET":869,"ACLITEM":1033,"BPCHAR":1042,"VARCHAR":1043,"DATE":1082,"TIME":1083,"TIMESTAMP":1114,"TIMESTAMPTZ":1184,"INTERVAL":1186,"TIMETZ":1266,"BIT":1560,"VARBIT":1562,"NUMERIC":1700,"REFCURSOR":1790,"REGPROCEDURE":2202,"REGOPER":2203,"REGOPERATOR":2204,"REGCLASS":2205,"REGTYPE":2206,"UUID":2950,"TXID_SNAPSHOT":2970,"PG_LSN":3220,"PG_NDISTINCT":3361,"PG_DEPENDENCIES":3402,"TSVECTOR":3614,"TSQUERY":3615,"GTSVECTOR":3642,"REGCONFIG":3734,"REGDICTIONARY":3769,"JSONB":3802,"REGNAMESPACE":4089,"REGROLE":4096}},"text":{},"binary":{}},"RowCtor":null,"rowAsArray":false,"_prebuiltEmptyResultObject":{"name":null,"dampft":null}}
2024-05-23T20:13:40.702Z [info]: Creating a new database pool with config: {"_events":{},"_eventsCount":0,"options":{"host":"localhost","user":"postgres","database":"postgres","port":"5431","max":10,"maxUses":null,"allowExitOnIdle":false,"maxLifetimeSeconds":0,"idleTimeoutMillis":10000},"_clients":[],"_idle":[],"_expired":{},"_pendingQueue":[],"ending":false,"ended":false}
2024-05-23T20:13:40.846Z [info]: Database connected successfully: {"command":"SELECT","rowCount":1,"oid":null,"rows":[{"name":"Markus","dampft":true}],"fields":[{"name":"name","tableID":16398,"columnID":1,"dataTypeID":1043,"dataTypeSize":-1,"dataTypeModifier":259,"format":"text"},{"name":"dampft","tableID":16398,"columnID":2,"dataTypeID":16,"dataTypeSize":1,"dataTypeModifier":-1,"format":"text"}],"_parsers":[null,null],"_types":{"_types":{"arrayParser":{},"builtins":{"BOOL":16,"BYTEA":17,"CHAR":18,"INT8":20,"INT2":21,"INT4":23,"REGPROC":24,"TEXT":25,"OID":26,"TID":27,"XID":28,"CID":29,"JSON":114,"XML":142,"PG_NODE_TREE":194,"SMGR":210,"PATH":602,"POLYGON":604,"CIDR":650,"FLOAT4":700,"FLOAT8":701,"ABSTIME":702,"RELTIME":703,"TINTERVAL":704,"CIRCLE":718,"MACADDR8":774,"MONEY":790,"MACADDR":829,"INET":869,"ACLITEM":1033,"BPCHAR":1042,"VARCHAR":1043,"DATE":1082,"TIME":1083,"TIMESTAMP":1114,"TIMESTAMPTZ":1184,"INTERVAL":1186,"TIMETZ":1266,"BIT":1560,"VARBIT":1562,"NUMERIC":1700,"REFCURSOR":1790,"REGPROCEDURE":2202,"REGOPER":2203,"REGOPERATOR":2204,"REGCLASS":2205,"REGTYPE":2206,"UUID":2950,"TXID_SNAPSHOT":2970,"PG_LSN":3220,"PG_NDISTINCT":3361,"PG_DEPENDENCIES":3402,"TSVECTOR":3614,"TSQUERY":3615,"GTSVECTOR":3642,"REGCONFIG":3734,"REGDICTIONARY":3769,"JSONB":3802,"REGNAMESPACE":4089,"REGROLE":4096}},"text":{},"binary":{}},"RowCtor":null,"rowAsArray":false,"_prebuiltEmptyResultObject":{"name":null,"dampft":null}}
2024-05-24T23:27:20.634Z [info]: Creating a new database pool with config: {"_events":{},"_eventsCount":0,"options":{"host":"localhost","user":"postgres","database":"postgres","port":"5431","max":10,"maxUses":null,"allowExitOnIdle":false,"maxLifetimeSeconds":0,"idleTimeoutMillis":10000},"_clients":[],"_idle":[],"_expired":{},"_pendingQueue":[],"ending":false,"ended":false}
2024-05-24T23:30:33.570Z [info]: Creating a new database pool with config: {"_events":{},"_eventsCount":0,"options":{"host":"localhost","user":"postgres","database":"postgres","port":"5431","max":10,"maxUses":null,"allowExitOnIdle":false,"maxLifetimeSeconds":0,"idleTimeoutMillis":10000},"_clients":[],"_idle":[],"_expired":{},"_pendingQueue":[],"ending":false,"ended":false}
2024-06-15T13:52:32.051Z [error]: Database connection error: 
2024-06-15T13:52:32.055Z [error]: Pool: {
  "_events": {},
  "_eventsCount": 0,
  "options": {
    "max": 10,
    "maxUses": null,
    "allowExitOnIdle": false,
    "maxLifetimeSeconds": 0,
    "idleTimeoutMillis": 10000
  },
  "_clients": [],
  "_idle": [],
  "_expired": {},
  "_pendingQueue": [],
  "ending": false,
  "ended": false
}
2024-06-15T14:03:24.797Z [info]: Creating a new database pool with config: {"_events":{},"_eventsCount":0,"options":{"max":10,"maxUses":null,"allowExitOnIdle":false,"maxLifetimeSeconds":0,"idleTimeoutMillis":10000},"_clients":[{"_events":{},"_eventsCount":0,"connectionParameters":{"user":"Arbeit","database":"Arbeit","port":5432,"host":"localhost","binary":false,"ssl":false,"client_encoding":"","isDomainSocket":false,"statement_timeout":false,"lock_timeout":false,"idle_in_transaction_session_timeout":false,"query_timeout":false,"connect_timeout":0},"user":"Arbeit","database":"Arbeit","port":5432,"host":"localhost","_types":{"_types":{"arrayParser":{},"builtins":{"BOOL":16,"BYTEA":17,"CHAR":18,"INT8":20,"INT2":21,"INT4":23,"REGPROC":24,"TEXT":25,"OID":26,"TID":27,"XID":28,"CID":29,"JSON":114,"XML":142,"PG_NODE_TREE":194,"SMGR":210,"PATH":602,"POLYGON":604,"CIDR":650,"FLOAT4":700,"FLOAT8":701,"ABSTIME":702,"RELTIME":703,"TINTERVAL":704,"CIRCLE":718,"MACADDR8":774,"MONEY":790,"MACADDR":829,"INET":869,"ACLITEM":1033,"BPCHAR":1042,"VARCHAR":1043,"DATE":1082,"TIME":1083,"TIMESTAMP":1114,"TIMESTAMPTZ":1184,"INTERVAL":1186,"TIMETZ":1266,"BIT":1560,"VARBIT":1562,"NUMERIC":1700,"REFCURSOR":1790,"REGPROCEDURE":2202,"REGOPER":2203,"REGOPERATOR":2204,"REGCLASS":2205,"REGTYPE":2206,"UUID":2950,"TXID_SNAPSHOT":2970,"PG_LSN":3220,"PG_NDISTINCT":3361,"PG_DEPENDENCIES":3402,"TSVECTOR":3614,"TSQUERY":3615,"GTSVECTOR":3642,"REGCONFIG":3734,"REGDICTIONARY":3769,"JSONB":3802,"REGNAMESPACE":4089,"REGROLE":4096}},"text":{},"binary":{}},"_ending":false,"_ended":false,"_connecting":true,"_connected":false,"_connectionError":false,"_queryable":true,"connection":{"_events":{},"_eventsCount":23,"stream":{"connecting":true,"_hadError":false,"_parent":null,"_host":"localhost","_closeAfterHandlingError":false,"_events":{"end":[null,null]},"_readableState":{"highWaterMark":16384,"buffer":[],"bufferIndex":0,"length":0,"pipes":[],"awaitDrainWriters":null},"_writableState":{"highWaterMark":16384,"length":0,"corked":0,"writelen":0,"bufferedIndex":0,"pendingcb":0},"allowHalfOpen":false,"_eventsCount":5,"_sockname":null,"_pendingData":null,"_pendingEncoding":"","server":null,"_server":null},"_keepAlive":false,"_keepAliveInitialDelayMillis":0,"lastBuffer":false,"parsedStatements":{},"ssl":false,"_ending":false,"_emitMessage":false,"_connecting":true},"queryQueue":[],"binary":false,"processID":null,"secretKey":null,"ssl":false,"_connectionTimeoutMillis":0}],"_idle":[],"_expired":{},"_pendingQueue":[],"ending":false,"ended":false}
2024-06-15T14:04:58.987Z [info]: Creating a new database pool with config: {"_events":{},"_eventsCount":0,"options":{"max":10,"maxUses":null,"allowExitOnIdle":false,"maxLifetimeSeconds":0,"idleTimeoutMillis":10000},"_clients":[{"_events":{},"_eventsCount":0,"connectionParameters":{"user":"Arbeit","database":"Arbeit","port":5432,"host":"localhost","binary":false,"ssl":false,"client_encoding":"","isDomainSocket":false,"statement_timeout":false,"lock_timeout":false,"idle_in_transaction_session_timeout":false,"query_timeout":false,"connect_timeout":0},"user":"Arbeit","database":"Arbeit","port":5432,"host":"localhost","_types":{"_types":{"arrayParser":{},"builtins":{"BOOL":16,"BYTEA":17,"CHAR":18,"INT8":20,"INT2":21,"INT4":23,"REGPROC":24,"TEXT":25,"OID":26,"TID":27,"XID":28,"CID":29,"JSON":114,"XML":142,"PG_NODE_TREE":194,"SMGR":210,"PATH":602,"POLYGON":604,"CIDR":650,"FLOAT4":700,"FLOAT8":701,"ABSTIME":702,"RELTIME":703,"TINTERVAL":704,"CIRCLE":718,"MACADDR8":774,"MONEY":790,"MACADDR":829,"INET":869,"ACLITEM":1033,"BPCHAR":1042,"VARCHAR":1043,"DATE":1082,"TIME":1083,"TIMESTAMP":1114,"TIMESTAMPTZ":1184,"INTERVAL":1186,"TIMETZ":1266,"BIT":1560,"VARBIT":1562,"NUMERIC":1700,"REFCURSOR":1790,"REGPROCEDURE":2202,"REGOPER":2203,"REGOPERATOR":2204,"REGCLASS":2205,"REGTYPE":2206,"UUID":2950,"TXID_SNAPSHOT":2970,"PG_LSN":3220,"PG_NDISTINCT":3361,"PG_DEPENDENCIES":3402,"TSVECTOR":3614,"TSQUERY":3615,"GTSVECTOR":3642,"REGCONFIG":3734,"REGDICTIONARY":3769,"JSONB":3802,"REGNAMESPACE":4089,"REGROLE":4096}},"text":{},"binary":{}},"_ending":false,"_ended":false,"_connecting":true,"_connected":false,"_connectionError":false,"_queryable":true,"connection":{"_events":{},"_eventsCount":23,"stream":{"connecting":true,"_hadError":false,"_parent":null,"_host":"localhost","_closeAfterHandlingError":false,"_events":{"end":[null,null]},"_readableState":{"highWaterMark":16384,"buffer":[],"bufferIndex":0,"length":0,"pipes":[],"awaitDrainWriters":null},"_writableState":{"highWaterMark":16384,"length":0,"corked":0,"writelen":0,"bufferedIndex":0,"pendingcb":0},"allowHalfOpen":false,"_eventsCount":5,"_sockname":null,"_pendingData":null,"_pendingEncoding":"","server":null,"_server":null},"_keepAlive":false,"_keepAliveInitialDelayMillis":0,"lastBuffer":false,"parsedStatements":{},"ssl":false,"_ending":false,"_emitMessage":false,"_connecting":true},"queryQueue":[],"binary":false,"processID":null,"secretKey":null,"ssl":false,"_connectionTimeoutMillis":0}],"_idle":[],"_expired":{},"_pendingQueue":[],"ending":false,"ended":false}
2024-06-15T14:07:51.821Z [info]: Creating a new database pool with config: {"_events":{},"_eventsCount":0,"options":{"max":10,"maxUses":null,"allowExitOnIdle":false,"maxLifetimeSeconds":0,"idleTimeoutMillis":10000},"_clients":[{"_events":{},"_eventsCount":0,"connectionParameters":{"user":"Arbeit","database":"Arbeit","port":5432,"host":"localhost","binary":false,"ssl":false,"client_encoding":"","isDomainSocket":false,"statement_timeout":false,"lock_timeout":false,"idle_in_transaction_session_timeout":false,"query_timeout":false,"connect_timeout":0},"user":"Arbeit","database":"Arbeit","port":5432,"host":"localhost","_types":{"_types":{"arrayParser":{},"builtins":{"BOOL":16,"BYTEA":17,"CHAR":18,"INT8":20,"INT2":21,"INT4":23,"REGPROC":24,"TEXT":25,"OID":26,"TID":27,"XID":28,"CID":29,"JSON":114,"XML":142,"PG_NODE_TREE":194,"SMGR":210,"PATH":602,"POLYGON":604,"CIDR":650,"FLOAT4":700,"FLOAT8":701,"ABSTIME":702,"RELTIME":703,"TINTERVAL":704,"CIRCLE":718,"MACADDR8":774,"MONEY":790,"MACADDR":829,"INET":869,"ACLITEM":1033,"BPCHAR":1042,"VARCHAR":1043,"DATE":1082,"TIME":1083,"TIMESTAMP":1114,"TIMESTAMPTZ":1184,"INTERVAL":1186,"TIMETZ":1266,"BIT":1560,"VARBIT":1562,"NUMERIC":1700,"REFCURSOR":1790,"REGPROCEDURE":2202,"REGOPER":2203,"REGOPERATOR":2204,"REGCLASS":2205,"REGTYPE":2206,"UUID":2950,"TXID_SNAPSHOT":2970,"PG_LSN":3220,"PG_NDISTINCT":3361,"PG_DEPENDENCIES":3402,"TSVECTOR":3614,"TSQUERY":3615,"GTSVECTOR":3642,"REGCONFIG":3734,"REGDICTIONARY":3769,"JSONB":3802,"REGNAMESPACE":4089,"REGROLE":4096}},"text":{},"binary":{}},"_ending":false,"_ended":false,"_connecting":true,"_connected":false,"_connectionError":false,"_queryable":true,"connection":{"_events":{},"_eventsCount":23,"stream":{"connecting":true,"_hadError":false,"_parent":null,"_host":"localhost","_closeAfterHandlingError":false,"_events":{"end":[null,null]},"_readableState":{"highWaterMark":16384,"buffer":[],"bufferIndex":0,"length":0,"pipes":[],"awaitDrainWriters":null},"_writableState":{"highWaterMark":16384,"length":0,"corked":0,"writelen":0,"bufferedIndex":0,"pendingcb":0},"allowHalfOpen":false,"_eventsCount":5,"_sockname":null,"_pendingData":null,"_pendingEncoding":"","server":null,"_server":null},"_keepAlive":false,"_keepAliveInitialDelayMillis":0,"lastBuffer":false,"parsedStatements":{},"ssl":false,"_ending":false,"_emitMessage":false,"_connecting":true},"queryQueue":[],"binary":false,"processID":null,"secretKey":null,"ssl":false,"_connectionTimeoutMillis":0}],"_idle":[],"_expired":{},"_pendingQueue":[],"ending":false,"ended":false}
2024-06-15T14:08:24.577Z [info]: Creating a new database pool with config: {"_events":{},"_eventsCount":0,"options":{"host":"localhost","user":"postgres","database":"postgres","port":"5431","max":10,"maxUses":null,"allowExitOnIdle":false,"maxLifetimeSeconds":0,"idleTimeoutMillis":10000},"_clients":[{"_events":{},"_eventsCount":0,"connectionParameters":{"user":"postgres","database":"postgres","port":5431,"host":"localhost","binary":false,"ssl":false,"client_encoding":"","isDomainSocket":false,"statement_timeout":false,"lock_timeout":false,"idle_in_transaction_session_timeout":false,"query_timeout":false,"connect_timeout":0},"user":"postgres","database":"postgres","port":5431,"host":"localhost","_types":{"_types":{"arrayParser":{},"builtins":{"BOOL":16,"BYTEA":17,"CHAR":18,"INT8":20,"INT2":21,"INT4":23,"REGPROC":24,"TEXT":25,"OID":26,"TID":27,"XID":28,"CID":29,"JSON":114,"XML":142,"PG_NODE_TREE":194,"SMGR":210,"PATH":602,"POLYGON":604,"CIDR":650,"FLOAT4":700,"FLOAT8":701,"ABSTIME":702,"RELTIME":703,"TINTERVAL":704,"CIRCLE":718,"MACADDR8":774,"MONEY":790,"MACADDR":829,"INET":869,"ACLITEM":1033,"BPCHAR":1042,"VARCHAR":1043,"DATE":1082,"TIME":1083,"TIMESTAMP":1114,"TIMESTAMPTZ":1184,"INTERVAL":1186,"TIMETZ":1266,"BIT":1560,"VARBIT":1562,"NUMERIC":1700,"REFCURSOR":1790,"REGPROCEDURE":2202,"REGOPER":2203,"REGOPERATOR":2204,"REGCLASS":2205,"REGTYPE":2206,"UUID":2950,"TXID_SNAPSHOT":2970,"PG_LSN":3220,"PG_NDISTINCT":3361,"PG_DEPENDENCIES":3402,"TSVECTOR":3614,"TSQUERY":3615,"GTSVECTOR":3642,"REGCONFIG":3734,"REGDICTIONARY":3769,"JSONB":3802,"REGNAMESPACE":4089,"REGROLE":4096}},"text":{},"binary":{}},"_ending":false,"_ended":false,"_connecting":true,"_connected":false,"_connectionError":false,"_queryable":true,"connection":{"_events":{},"_eventsCount":23,"stream":{"connecting":true,"_hadError":false,"_parent":null,"_host":"localhost","_closeAfterHandlingError":false,"_events":{"end":[null,null]},"_readableState":{"highWaterMark":16384,"buffer":[],"bufferIndex":0,"length":0,"pipes":[],"awaitDrainWriters":null},"_writableState":{"highWaterMark":16384,"length":0,"corked":0,"writelen":0,"bufferedIndex":0,"pendingcb":0},"allowHalfOpen":false,"_eventsCount":5,"_sockname":null,"_pendingData":null,"_pendingEncoding":"","server":null,"_server":null},"_keepAlive":false,"_keepAliveInitialDelayMillis":0,"lastBuffer":false,"parsedStatements":{},"ssl":false,"_ending":false,"_emitMessage":false,"_connecting":true},"queryQueue":[],"binary":false,"processID":null,"secretKey":null,"ssl":false,"_connectionTimeoutMillis":0}],"_idle":[],"_expired":{},"_pendingQueue":[],"ending":false,"ended":false}
2024-06-15T14:09:01.172Z [info]: Creating a new database pool with config: {"_events":{},"_eventsCount":0,"options":{"host":"localhost","user":"postgres","database":"postgres","port":"5431","max":10,"maxUses":null,"allowExitOnIdle":false,"maxLifetimeSeconds":0,"idleTimeoutMillis":10000},"_clients":[{"_events":{},"_eventsCount":0,"connectionParameters":{"user":"postgres","database":"postgres","port":5431,"host":"localhost","binary":false,"ssl":false,"client_encoding":"","isDomainSocket":false,"statement_timeout":false,"lock_timeout":false,"idle_in_transaction_session_timeout":false,"query_timeout":false,"connect_timeout":0},"user":"postgres","database":"postgres","port":5431,"host":"localhost","_types":{"_types":{"arrayParser":{},"builtins":{"BOOL":16,"BYTEA":17,"CHAR":18,"INT8":20,"INT2":21,"INT4":23,"REGPROC":24,"TEXT":25,"OID":26,"TID":27,"XID":28,"CID":29,"JSON":114,"XML":142,"PG_NODE_TREE":194,"SMGR":210,"PATH":602,"POLYGON":604,"CIDR":650,"FLOAT4":700,"FLOAT8":701,"ABSTIME":702,"RELTIME":703,"TINTERVAL":704,"CIRCLE":718,"MACADDR8":774,"MONEY":790,"MACADDR":829,"INET":869,"ACLITEM":1033,"BPCHAR":1042,"VARCHAR":1043,"DATE":1082,"TIME":1083,"TIMESTAMP":1114,"TIMESTAMPTZ":1184,"INTERVAL":1186,"TIMETZ":1266,"BIT":1560,"VARBIT":1562,"NUMERIC":1700,"REFCURSOR":1790,"REGPROCEDURE":2202,"REGOPER":2203,"REGOPERATOR":2204,"REGCLASS":2205,"REGTYPE":2206,"UUID":2950,"TXID_SNAPSHOT":2970,"PG_LSN":3220,"PG_NDISTINCT":3361,"PG_DEPENDENCIES":3402,"TSVECTOR":3614,"TSQUERY":3615,"GTSVECTOR":3642,"REGCONFIG":3734,"REGDICTIONARY":3769,"JSONB":3802,"REGNAMESPACE":4089,"REGROLE":4096}},"text":{},"binary":{}},"_ending":false,"_ended":false,"_connecting":true,"_connected":false,"_connectionError":false,"_queryable":true,"connection":{"_events":{},"_eventsCount":23,"stream":{"connecting":true,"_hadError":false,"_parent":null,"_host":"localhost","_closeAfterHandlingError":false,"_events":{"end":[null,null]},"_readableState":{"highWaterMark":16384,"buffer":[],"bufferIndex":0,"length":0,"pipes":[],"awaitDrainWriters":null},"_writableState":{"highWaterMark":16384,"length":0,"corked":0,"writelen":0,"bufferedIndex":0,"pendingcb":0},"allowHalfOpen":false,"_eventsCount":5,"_sockname":null,"_pendingData":null,"_pendingEncoding":"","server":null,"_server":null},"_keepAlive":false,"_keepAliveInitialDelayMillis":0,"lastBuffer":false,"parsedStatements":{},"ssl":false,"_ending":false,"_emitMessage":false,"_connecting":true},"queryQueue":[],"binary":false,"processID":null,"secretKey":null,"ssl":false,"_connectionTimeoutMillis":0}],"_idle":[],"_expired":{},"_pendingQueue":[],"ending":false,"ended":false}
